<?xml version="1.0" encoding="UTF-8"?>
<testng-results skipped="0" failed="0" total="1" passed="1">
  <reporter-output>
  </reporter-output>
  <suite name="Default suite" duration-ms="4815" started-at="2016-07-17T19:20:12Z" finished-at="2016-07-17T19:20:17Z">
    <groups>
    </groups>
    <test name="Default test" duration-ms="4815" started-at="2016-07-17T19:20:12Z" finished-at="2016-07-17T19:20:17Z">
      <class name="ru.stqa.selenium.LoginTest">
        <test-method status="PASS" signature="initTestSuite()[pri:0, instance:ru.stqa.selenium.LoginTest@77caeb3e]" name="initTestSuite" is-config="true" duration-ms="102" started-at="2016-07-17T22:20:12Z" finished-at="2016-07-17T22:20:12Z">
          <reporter-output>
          </reporter-output>
        </test-method> <!-- initTestSuite -->
        <test-method status="PASS" signature="initWebDriver()[pri:0, instance:ru.stqa.selenium.LoginTest@77caeb3e]" name="initWebDriver" is-config="true" duration-ms="3475" started-at="2016-07-17T22:20:12Z" finished-at="2016-07-17T22:20:16Z">
          <reporter-output>
          </reporter-output>
        </test-method> <!-- initWebDriver -->
        <test-method status="PASS" signature="testLogin()[pri:0, instance:ru.stqa.selenium.LoginTest@77caeb3e]" name="testLogin" duration-ms="1325" started-at="2016-07-17T22:20:16Z" finished-at="2016-07-17T22:20:17Z">
          <reporter-output>
          </reporter-output>
        </test-method> <!-- testLogin -->
        <test-method status="PASS" signature="tearDown()[pri:0, instance:ru.stqa.selenium.LoginTest@77caeb3e]" name="tearDown" is-config="true" duration-ms="1098" started-at="2016-07-17T22:20:17Z" finished-at="2016-07-17T22:20:18Z">
          <reporter-output>
          </reporter-output>
        </test-method> <!-- tearDown -->
      </class> <!-- ru.stqa.selenium.LoginTest -->
    </test> <!-- Default test -->
  </suite> <!-- Default suite -->
</testng-results>
