<?xml version="1.0" encoding="UTF-8"?>
<testng-results skipped="0" failed="0" total="1" passed="1">
  <reporter-output>
  </reporter-output>
  <suite name="Default suite" duration-ms="18050" started-at="2016-07-24T21:21:40Z" finished-at="2016-07-24T21:21:58Z">
    <groups>
    </groups>
    <test name="Default test" duration-ms="18050" started-at="2016-07-24T21:21:40Z" finished-at="2016-07-24T21:21:58Z">
      <class name="ru.stqa.selenium.AddFilmSuccessfully">
        <test-method status="PASS" signature="setUp()[pri:0, instance:ru.stqa.selenium.AddFilmSuccessfully@7d9d1a19]" name="setUp" is-config="true" duration-ms="6076" started-at="2016-07-25T00:21:40Z" finished-at="2016-07-25T00:21:46Z">
          <reporter-output>
          </reporter-output>
        </test-method> <!-- setUp -->
        <test-method status="PASS" signature="testAddFilmSuccessfully()[pri:0, instance:ru.stqa.selenium.AddFilmSuccessfully@7d9d1a19]" name="testAddFilmSuccessfully" duration-ms="10846" started-at="2016-07-25T00:21:46Z" finished-at="2016-07-25T00:21:57Z">
          <reporter-output>
          </reporter-output>
        </test-method> <!-- testAddFilmSuccessfully -->
        <test-method status="PASS" signature="tearDown()[pri:0, instance:ru.stqa.selenium.AddFilmSuccessfully@7d9d1a19]" name="tearDown" is-config="true" duration-ms="1111" started-at="2016-07-25T00:21:57Z" finished-at="2016-07-25T00:21:58Z">
          <reporter-output>
          </reporter-output>
        </test-method> <!-- tearDown -->
      </class> <!-- ru.stqa.selenium.AddFilmSuccessfully -->
    </test> <!-- Default test -->
  </suite> <!-- Default suite -->
</testng-results>
